-------------------------------------------------------------------------------
Test set: edu.school21.numbers.NumberWorkerTest
-------------------------------------------------------------------------------
Tests run: 23, Failures: 1, Errors: 0, Skipped: 0, Time elapsed: 0.125 s <<< FAILURE! - in edu.school21.numbers.NumberWorkerTest
Test5{int, int}[1]  Time elapsed: 0.016 s  <<< FAILURE!
org.opentest4j.AssertionFailedError: expected: <12> but was: <26>
	at edu.school21.numbers.NumberWorkerTest.Test5(NumberWorkerTest.java:43)

