<?xml version="1.0" encoding="UTF-8"?>
<testsuite xmlns:xsi="http://www.w3.org/2001/XMLSchema-instance" xsi:noNamespaceSchemaLocation="https://maven.apache.org/surefire/maven-surefire-plugin/xsd/surefire-test-report.xsd" name="edu.school21.numbers.NumberWorkerTest" time="0.125" tests="23" errors="0" skipped="0" failures="1">
  <properties>
[...]
</properties>
  <testcase name="Test1{int}[1]" classname="edu.school21.numbers.NumberWorkerTest" time="0.031"/>
  <testcase name="Test1{int}[2]" classname="edu.school21.numbers.NumberWorkerTest" time="0"/>
  <testcase name="Test1{int}[3]" classname="edu.school21.numbers.NumberWorkerTest" time="0"/>
  <testcase name="Test1{int}[4]" classname="edu.school21.numbers.NumberWorkerTest" time="0"/>
  <testcase name="Test2{int}[1]" classname="edu.school21.numbers.NumberWorkerTest" time="0"/>
  <testcase name="Test2{int}[2]" classname="edu.school21.numbers.NumberWorkerTest" time="0"/>
  <testcase name="Test2{int}[3]" classname="edu.school21.numbers.NumberWorkerTest" time="0"/>
  <testcase name="Test2{int}[4]" classname="edu.school21.numbers.NumberWorkerTest" time="0"/>
  <testcase name="Test3{int}[1]" classname="edu.school21.numbers.NumberWorkerTest" time="0"/>
  <testcase name="Test3{int}[2]" classname="edu.school21.numbers.NumberWorkerTest" time="0"/>
  <testcase name="Test3{int}[3]" classname="edu.school21.numbers.NumberWorkerTest" time="0"/>
  <testcase name="Test3{int}[4]" classname="edu.school21.numbers.NumberWorkerTest" time="0"/>
  <testcase name="Test4{int, int}[1]" classname="edu.school21.numbers.NumberWorkerTest" time="0"/>
  <testcase name="Test4{int, int}[2]" classname="edu.school21.numbers.NumberWorkerTest" time="0"/>
  <testcase name="Test4{int, int}[3]" classname="edu.school21.numbers.NumberWorkerTest" time="0"/>
  <testcase name="Test4{int, int}[4]" classname="edu.school21.numbers.NumberWorkerTest" time="0"/>
  <testcase name="Test4{int, int}[5]" classname="edu.school21.numbers.NumberWorkerTest" time="0"/>
  <testcase name="Test4{int, int}[6]" classname="edu.school21.numbers.NumberWorkerTest" time="0"/>
  <testcase name="Test4{int, int}[7]" classname="edu.school21.numbers.NumberWorkerTest" time="0"/>
  <testcase name="Test4{int, int}[8]" classname="edu.school21.numbers.NumberWorkerTest" time="0"/>
  <testcase name="Test4{int, int}[9]" classname="edu.school21.numbers.NumberWorkerTest" time="0"/>
  <testcase name="Test4{int, int}[10]" classname="edu.school21.numbers.NumberWorkerTest" time="0"/>
  <testcase name="Test5{int, int}[1]" classname="edu.school21.numbers.NumberWorkerTest" time="0.016">
    <failure message="expected: &lt;12&gt; but was: &lt;26&gt;" type="org.opentest4j.AssertionFailedError"><![CDATA[org.opentest4j.AssertionFailedError: expected: <12> but was: <26>
	at edu.school21.numbers.NumberWorkerTest.Test5(NumberWorkerTest.java:43)
]]></failure>
  </testcase>
</testsuite>